<?xml version="1.0" encoding="UTF-8" ?>
<testsuite tests="1" failures="0" name="com.yin.AppTest" time="0.008" errors="0" skipped="0">
  <properties>
    <property name="idea.version" value="15.0.2"/>
    <property name="java.runtime.name" value="Java(TM) SE Runtime Environment"/>
    <property name="sun.boot.library.path" value="D:\JAVA_8\jdk\jre\bin"/>
    <property name="java.vm.version" value="25.66-b18"/>
    <property name="java.vm.vendor" value="Oracle Corporation"/>
    <property name="maven.multiModuleProjectDirectory" value="E:\JAVA\IntelliJ_IDEA\mymaven\springboot_test"/>
    <property name="java.vendor.url" value="http://java.oracle.com/"/>
    <property name="path.separator" value=";"/>
    <property name="guice.disable.misplaced.annotation.check" value="true"/>
    <property name="java.vm.name" value="Java HotSpot(TM) 64-Bit Server VM"/>
    <property name="file.encoding.pkg" value="sun.io"/>
    <property name="idea.launcher.port" value="7534"/>
    <property name="user.script" value=""/>
    <property name="user.country" value="CN"/>
    <property name="sun.java.launcher" value="SUN_STANDARD"/>
    <property name="sun.os.patch.level" value=""/>
    <property name="java.vm.specification.name" value="Java Virtual Machine Specification"/>
    <property name="user.dir" value="E:\JAVA\IntelliJ_IDEA\mymaven\springboot_test"/>
    <property name="java.runtime.version" value="1.8.0_66-b18"/>
    <property name="java.awt.graphicsenv" value="sun.awt.Win32GraphicsEnvironment"/>
    <property name="java.endorsed.dirs" value="D:\JAVA_8\jdk\jre\lib\endorsed"/>
    <property name="os.arch" value="amd64"/>
    <property name="java.io.tmpdir" value="C:\Users\YR\AppData\Local\Temp\"/>
    <property name="line.separator" value="
"/>
    <property name="java.vm.specification.vendor" value="Oracle Corporation"/>
    <property name="user.variant" value=""/>
    <property name="os.name" value="Windows 10"/>
    <property name="classworlds.conf" value="D:\maven\apache-maven-3.3.9\bin\m2.conf"/>
    <property name="sun.jnu.encoding" value="GBK"/>
    <property name="java.library.path" value="D:\JAVA_8\jdk\bin;C:\WINDOWS\Sun\Java\bin;C:\WINDOWS\system32;C:\WINDOWS;D:\development_soft\Python\;D:\development_soft\Python\Scripts;C:\ProgramData\Oracle\Java\javapath;C:\WINDOWS\system32;C:\WINDOWS;C:\WINDOWS\System32\Wbem;C:\WINDOWS\System32\WindowsPowerShell\v1.0\;%JAVA_HOME%\bin;D:\MySQL\mysql\MySQL Server 5.6\bin;%M2_HOME%\bin;E:\西电毕设\毕设安装软件\RationalRose;%TOMCAT_8%\bin;D:\JAVA_8\jre\bin;D:\apache-tomcat-8.0.12-windows-x64\apache-tomcat-8.0.33-windows-x64\apache-tomcat-8.0.33\bin;D:\apache-tomcat-8.0.12-windows-x64\apache-tomcat-8.0.33-windows-x64\apache-tomcat-8.0.33\lib;D:\JAVA_8\jre\bin;D:\仓库管理工具\TortoiseGit安装包及汉化包\bin;D:\development_soft\Python;D:\development_soft\Python3;D:\development_soft\Python3\Scripts;D:\development_soft\Python3\Scripts\;D:\development_soft\Python3\;."/>
    <property name="java.specification.name" value="Java Platform API Specification"/>
    <property name="java.class.version" value="52.0"/>
    <property name="sun.management.compiler" value="HotSpot 64-Bit Tiered Compilers"/>
    <property name="maven.repo.local" value="E:\JAVA\Maven\localRepository"/>
    <property name="os.version" value="10.0"/>
    <property name="user.home" value="C:\Users\YR"/>
    <property name="user.timezone" value="Asia/Shanghai"/>
    <property name="java.awt.printerjob" value="sun.awt.windows.WPrinterJob"/>
    <property name="java.specification.version" value="1.8"/>
    <property name="idea.launcher.bin.path" value="D:\IntelliJ_IDEA\IntelliJ IDEA 15.0.2\bin"/>
    <property name="file.encoding" value="UTF-8"/>
    <property name="user.name" value="YR"/>
    <property name="java.class.path" value="D:\maven\apache-maven-3.3.9\boot\plexus-classworlds-2.5.2.jar;D:\IntelliJ_IDEA\IntelliJ IDEA 15.0.2\lib\idea_rt.jar"/>
    <property name="java.vm.specification.version" value="1.8"/>
    <property name="sun.arch.data.model" value="64"/>
    <property name="java.home" value="D:\JAVA_8\jdk\jre"/>
    <property name="sun.java.command" value="com.intellij.rt.execution.application.AppMain org.codehaus.classworlds.Launcher -Didea.version=15.0.2 -s D:\maven\apache-maven-3.3.9\conf\settings.xml -Dmaven.repo.local=E:\JAVA\Maven\localRepository install"/>
    <property name="java.specification.vendor" value="Oracle Corporation"/>
    <property name="user.language" value="zh"/>
    <property name="awt.toolkit" value="sun.awt.windows.WToolkit"/>
    <property name="java.vm.info" value="mixed mode"/>
    <property name="java.version" value="1.8.0_66"/>
    <property name="java.ext.dirs" value="D:\JAVA_8\jdk\jre\lib\ext;C:\WINDOWS\Sun\Java\lib\ext"/>
    <property name="sun.boot.class.path" value="D:\JAVA_8\jdk\jre\lib\resources.jar;D:\JAVA_8\jdk\jre\lib\rt.jar;D:\JAVA_8\jdk\jre\lib\sunrsasign.jar;D:\JAVA_8\jdk\jre\lib\jsse.jar;D:\JAVA_8\jdk\jre\lib\jce.jar;D:\JAVA_8\jdk\jre\lib\charsets.jar;D:\JAVA_8\jdk\jre\lib\jfr.jar;D:\JAVA_8\jdk\jre\classes"/>
    <property name="java.vendor" value="Oracle Corporation"/>
    <property name="maven.home" value="D:\maven\apache-maven-3.3.9"/>
    <property name="file.separator" value="\"/>
    <property name="java.vendor.url.bug" value="http://bugreport.sun.com/bugreport/"/>
    <property name="sun.cpu.endian" value="little"/>
    <property name="sun.io.unicode.encoding" value="UnicodeLittle"/>
    <property name="sun.desktop" value="windows"/>
    <property name="sun.cpu.isalist" value="amd64"/>
  </properties>
  <testcase classname="com.yin.AppTest" name="testApp" time="0.008"/>
</testsuite>